[2025-03-01T20:53:38.226Z] INFO: Initializing blockchain
[2025-03-01T20:53:38.229Z] INFO: Blockchain storage initialized
[2025-03-01T20:53:38.231Z] INFO: Chain loaded
[2025-03-01T20:53:38.231Z] INFO: Wallets loaded
[2025-03-01T20:53:38.231Z] INFO: Pending transactions loaded
[2025-03-01T20:53:38.231Z] INFO: Blockchain initialized
[2025-03-01T20:53:38.232Z] INFO: Server started
[2025-03-01T20:55:58.570Z] INFO: Initializing blockchain
[2025-03-01T20:55:58.577Z] INFO: Blockchain storage initialized
[2025-03-01T20:55:58.579Z] INFO: Chain loaded
[2025-03-01T20:55:58.579Z] INFO: Wallets loaded
[2025-03-01T20:55:58.579Z] INFO: Pending transactions loaded
[2025-03-01T20:55:58.579Z] INFO: Blockchain initialized
[2025-03-01T20:55:58.580Z] INFO: Server started
[2025-03-01T20:56:46.057Z] INFO: Initializing blockchain
[2025-03-01T20:56:46.062Z] INFO: Blockchain storage initialized
[2025-03-01T20:56:46.064Z] INFO: Chain loaded
[2025-03-01T20:56:46.064Z] INFO: Wallets loaded
[2025-03-01T20:56:46.064Z] INFO: Pending transactions loaded
[2025-03-01T20:56:46.065Z] INFO: Blockchain initialized
[2025-03-01T20:56:46.065Z] INFO: Server started
[2025-03-01T21:01:45.126Z] INFO: Initializing blockchain
[2025-03-01T21:01:45.130Z] INFO: Blockchain storage initialized
[2025-03-01T21:01:45.131Z] INFO: Chain loaded
[2025-03-01T21:01:45.131Z] INFO: Wallets loaded
[2025-03-01T21:01:45.132Z] INFO: Pending transactions loaded
[2025-03-01T21:01:45.132Z] INFO: Blockchain initialized
[2025-03-01T21:01:45.133Z] INFO: Server started
[2025-03-01T21:02:06.947Z] INFO: Initializing blockchain
[2025-03-01T21:02:06.950Z] INFO: Blockchain storage initialized
[2025-03-01T21:02:06.951Z] INFO: Chain loaded
[2025-03-01T21:02:06.952Z] INFO: Wallets loaded
[2025-03-01T21:02:06.952Z] INFO: Pending transactions loaded
[2025-03-01T21:02:06.952Z] INFO: Blockchain initialized
[2025-03-01T21:02:06.953Z] INFO: Server started
[2025-03-01T21:02:22.317Z] INFO: Initializing blockchain
[2025-03-01T21:02:22.320Z] INFO: Blockchain storage initialized
[2025-03-01T21:02:22.322Z] INFO: Chain loaded
[2025-03-01T21:02:22.322Z] INFO: Wallets loaded
[2025-03-01T21:02:22.322Z] INFO: Pending transactions loaded
[2025-03-01T21:02:22.322Z] INFO: Blockchain initialized
[2025-03-01T21:02:22.325Z] INFO: Server started
[2025-03-01T21:03:55.992Z] INFO: Initializing blockchain
[2025-03-01T21:03:55.996Z] INFO: Blockchain storage initialized
[2025-03-01T21:03:55.997Z] INFO: Chain loaded
[2025-03-01T21:03:55.998Z] INFO: Wallets loaded
[2025-03-01T21:03:55.998Z] INFO: Pending transactions loaded
[2025-03-01T21:03:55.998Z] INFO: Blockchain initialized
[2025-03-01T21:03:55.999Z] INFO: Server started
[2025-03-01T21:09:28.904Z] INFO: Initializing blockchain
[2025-03-01T21:09:28.909Z] INFO: Blockchain storage initialized
[2025-03-01T21:09:28.911Z] INFO: Chain loaded
[2025-03-01T21:09:28.911Z] INFO: Wallets loaded
[2025-03-01T21:09:28.911Z] INFO: Pending transactions loaded
[2025-03-01T21:09:28.912Z] INFO: Blockchain initialized
[2025-03-01T21:09:28.913Z] INFO: Server started
[2025-03-01T21:10:35.705Z] INFO: Initializing blockchain
[2025-03-01T21:10:35.711Z] INFO: Blockchain storage initialized
[2025-03-01T21:10:35.712Z] INFO: Chain loaded
[2025-03-01T21:10:35.713Z] INFO: Wallets loaded
[2025-03-01T21:10:35.713Z] INFO: Pending transactions loaded
[2025-03-01T21:10:35.713Z] INFO: Blockchain initialized
[2025-03-01T21:10:35.714Z] INFO: Server started
[2025-03-01T21:11:27.920Z] INFO: Initializing blockchain
[2025-03-01T21:11:27.926Z] INFO: Blockchain storage initialized
[2025-03-01T21:11:27.927Z] INFO: Chain loaded
[2025-03-01T21:11:27.928Z] INFO: Wallets loaded
[2025-03-01T21:11:27.928Z] INFO: Pending transactions loaded
[2025-03-01T21:11:27.928Z] INFO: Blockchain initialized
[2025-03-01T21:11:27.930Z] INFO: Server started
[2025-03-01T21:11:45.425Z] INFO: Initializing blockchain
[2025-03-01T21:11:45.428Z] INFO: Blockchain storage initialized
[2025-03-01T21:11:45.430Z] INFO: Chain loaded
[2025-03-01T21:11:45.430Z] INFO: Wallets loaded
[2025-03-01T21:11:45.430Z] INFO: Pending transactions loaded
[2025-03-01T21:11:45.430Z] INFO: Blockchain initialized
[2025-03-01T21:11:45.432Z] INFO: Server started
[2025-03-01T21:12:16.312Z] INFO: Initializing blockchain
[2025-03-01T21:12:16.320Z] INFO: Blockchain storage initialized
[2025-03-01T21:12:16.321Z] INFO: Chain loaded
[2025-03-01T21:12:16.322Z] INFO: Wallets loaded
[2025-03-01T21:12:16.322Z] INFO: Pending transactions loaded
[2025-03-01T21:12:16.322Z] INFO: Blockchain initialized
[2025-03-01T21:12:16.323Z] INFO: Server started
[2025-03-01T21:12:36.147Z] INFO: Initializing blockchain
[2025-03-01T21:12:36.155Z] INFO: Blockchain storage initialized
[2025-03-01T21:12:36.157Z] INFO: Chain loaded
[2025-03-01T21:12:36.157Z] INFO: Wallets loaded
[2025-03-01T21:12:36.157Z] INFO: Pending transactions loaded
[2025-03-01T21:12:36.157Z] INFO: Blockchain initialized
[2025-03-01T21:12:36.158Z] INFO: Server started
[2025-03-01T21:13:18.255Z] INFO: Initializing blockchain
[2025-03-01T21:13:18.262Z] INFO: Blockchain storage initialized
[2025-03-01T21:13:18.264Z] INFO: Chain loaded
[2025-03-01T21:13:18.264Z] INFO: Wallets loaded
[2025-03-01T21:13:18.264Z] INFO: Pending transactions loaded
[2025-03-01T21:13:18.264Z] INFO: Blockchain initialized
[2025-03-01T21:13:18.268Z] INFO: Server started
[2025-03-01T21:13:34.010Z] INFO: Initializing blockchain
[2025-03-01T21:13:34.017Z] INFO: Blockchain storage initialized
[2025-03-01T21:13:34.020Z] INFO: Chain loaded
[2025-03-01T21:13:34.021Z] INFO: Wallets loaded
[2025-03-01T21:13:34.021Z] INFO: Pending transactions loaded
[2025-03-01T21:13:34.021Z] INFO: Blockchain initialized
[2025-03-01T21:13:34.022Z] INFO: Server started
[2025-03-01T21:13:50.129Z] INFO: Initializing blockchain
[2025-03-01T21:13:50.133Z] INFO: Blockchain storage initialized
[2025-03-01T21:13:50.134Z] INFO: Chain loaded
[2025-03-01T21:13:50.134Z] INFO: Wallets loaded
[2025-03-01T21:13:50.135Z] INFO: Pending transactions loaded
[2025-03-01T21:13:50.135Z] INFO: Blockchain initialized
[2025-03-01T21:13:50.136Z] INFO: Server started
[2025-03-01T21:14:05.308Z] INFO: Initializing blockchain
[2025-03-01T21:14:05.311Z] INFO: Blockchain storage initialized
[2025-03-01T21:14:05.313Z] INFO: Chain loaded
[2025-03-01T21:14:05.313Z] INFO: Wallets loaded
[2025-03-01T21:14:05.313Z] INFO: Pending transactions loaded
[2025-03-01T21:14:05.314Z] INFO: Blockchain initialized
[2025-03-01T21:14:05.315Z] INFO: Server started
[2025-03-01T21:14:19.867Z] INFO: Initializing blockchain
[2025-03-01T21:14:19.870Z] INFO: Blockchain storage initialized
[2025-03-01T21:14:19.872Z] INFO: Chain loaded
[2025-03-01T21:14:19.872Z] INFO: Wallets loaded
[2025-03-01T21:14:19.872Z] INFO: Pending transactions loaded
[2025-03-01T21:14:19.872Z] INFO: Blockchain initialized
[2025-03-01T21:14:19.873Z] INFO: Server started
[2025-03-01T21:14:35.589Z] INFO: Initializing blockchain
[2025-03-01T21:14:35.592Z] INFO: Blockchain storage initialized
[2025-03-01T21:14:35.594Z] INFO: Chain loaded
[2025-03-01T21:14:35.594Z] INFO: Wallets loaded
[2025-03-01T21:14:35.594Z] INFO: Pending transactions loaded
[2025-03-01T21:14:35.594Z] INFO: Blockchain initialized
[2025-03-01T21:14:35.595Z] INFO: Server started
[2025-03-01T21:14:51.709Z] INFO: Initializing blockchain
[2025-03-01T21:14:51.716Z] INFO: Blockchain storage initialized
[2025-03-01T21:14:51.717Z] INFO: Chain loaded
[2025-03-01T21:14:51.717Z] INFO: Wallets loaded
[2025-03-01T21:14:51.717Z] INFO: Pending transactions loaded
[2025-03-01T21:14:51.718Z] INFO: Blockchain initialized
[2025-03-01T21:14:51.719Z] INFO: Server started
[2025-03-01T21:15:07.616Z] INFO: Initializing blockchain
[2025-03-01T21:15:07.620Z] INFO: Blockchain storage initialized
[2025-03-01T21:15:07.621Z] INFO: Chain loaded
[2025-03-01T21:15:07.621Z] INFO: Wallets loaded
[2025-03-01T21:15:07.621Z] INFO: Pending transactions loaded
[2025-03-01T21:15:07.622Z] INFO: Blockchain initialized
[2025-03-01T21:15:07.622Z] INFO: Server started
[2025-03-01T21:15:24.140Z] INFO: Initializing blockchain
[2025-03-01T21:15:24.143Z] INFO: Blockchain storage initialized
[2025-03-01T21:15:24.145Z] INFO: Chain loaded
[2025-03-01T21:15:24.146Z] INFO: Wallets loaded
[2025-03-01T21:15:24.146Z] INFO: Pending transactions loaded
[2025-03-01T21:15:24.146Z] INFO: Blockchain initialized
[2025-03-01T21:15:24.148Z] INFO: Server started
[2025-03-01T21:15:46.776Z] INFO: Initializing blockchain
[2025-03-01T21:15:46.784Z] INFO: Blockchain storage initialized
[2025-03-01T21:15:46.786Z] INFO: Chain loaded
[2025-03-01T21:15:46.786Z] INFO: Wallets loaded
[2025-03-01T21:15:46.786Z] INFO: Pending transactions loaded
[2025-03-01T21:15:46.786Z] INFO: Blockchain initialized
[2025-03-01T21:15:46.787Z] INFO: Server started
[2025-03-01T21:15:54.442Z] INFO: Initializing blockchain
[2025-03-01T21:15:54.446Z] INFO: Blockchain storage initialized
[2025-03-01T21:15:54.448Z] INFO: Chain loaded
[2025-03-01T21:15:54.448Z] INFO: Wallets loaded
[2025-03-01T21:15:54.448Z] INFO: Pending transactions loaded
[2025-03-01T21:15:54.449Z] INFO: Blockchain initialized
[2025-03-01T21:15:54.450Z] INFO: Server started
[2025-03-01T21:17:12.681Z] INFO: Initializing blockchain
[2025-03-01T21:17:12.685Z] INFO: Blockchain storage initialized
[2025-03-01T21:17:12.687Z] INFO: Chain loaded
[2025-03-01T21:17:12.687Z] INFO: Wallets loaded
[2025-03-01T21:17:12.687Z] INFO: Pending transactions loaded
[2025-03-01T21:17:12.687Z] INFO: Blockchain initialized
[2025-03-01T21:17:12.688Z] INFO: Server started
[2025-03-01T21:17:21.318Z] INFO: Initializing blockchain
[2025-03-01T21:17:21.350Z] INFO: Blockchain storage initialized
[2025-03-01T21:17:21.352Z] INFO: Chain loaded
[2025-03-01T21:17:21.352Z] INFO: Wallets loaded
[2025-03-01T21:17:21.352Z] INFO: Pending transactions loaded
[2025-03-01T21:17:21.353Z] INFO: Blockchain initialized
[2025-03-01T21:17:21.354Z] INFO: Server started
[2025-03-01T21:17:36.551Z] INFO: Initializing blockchain
[2025-03-01T21:17:36.555Z] INFO: Blockchain storage initialized
[2025-03-01T21:17:36.557Z] INFO: Chain loaded
[2025-03-01T21:17:36.557Z] INFO: Wallets loaded
[2025-03-01T21:17:36.557Z] INFO: Pending transactions loaded
[2025-03-01T21:17:36.557Z] INFO: Blockchain initialized
[2025-03-01T21:17:36.558Z] INFO: Server started
[2025-03-01T21:17:52.374Z] INFO: Initializing blockchain
[2025-03-01T21:17:52.378Z] INFO: Blockchain storage initialized
[2025-03-01T21:17:52.380Z] INFO: Chain loaded
[2025-03-01T21:17:52.380Z] INFO: Wallets loaded
[2025-03-01T21:17:52.380Z] INFO: Pending transactions loaded
[2025-03-01T21:17:52.380Z] INFO: Blockchain initialized
[2025-03-01T21:17:52.381Z] INFO: Server started
[2025-03-01T21:18:08.092Z] INFO: Initializing blockchain
[2025-03-01T21:18:08.097Z] INFO: Blockchain storage initialized
[2025-03-01T21:18:08.099Z] INFO: Chain loaded
[2025-03-01T21:18:08.099Z] INFO: Wallets loaded
[2025-03-01T21:18:08.099Z] INFO: Pending transactions loaded
[2025-03-01T21:18:08.099Z] INFO: Blockchain initialized
[2025-03-01T21:18:08.100Z] INFO: Server started
[2025-03-01T21:18:23.723Z] INFO: Initializing blockchain
[2025-03-01T21:18:23.727Z] INFO: Blockchain storage initialized
[2025-03-01T21:18:23.729Z] INFO: Chain loaded
[2025-03-01T21:18:23.729Z] INFO: Wallets loaded
[2025-03-01T21:18:23.729Z] INFO: Pending transactions loaded
[2025-03-01T21:18:23.730Z] INFO: Blockchain initialized
[2025-03-01T21:18:23.731Z] INFO: Server started
[2025-03-01T21:24:18.958Z] INFO: Initializing blockchain
[2025-03-01T21:24:18.968Z] INFO: Blockchain storage initialized
[2025-03-01T21:24:18.970Z] INFO: Chain loaded
[2025-03-01T21:24:18.971Z] INFO: Wallets loaded
[2025-03-01T21:24:18.971Z] INFO: Pending transactions loaded
[2025-03-01T21:24:18.972Z] INFO: Blockchain initialized
[2025-03-01T21:24:19.015Z] INFO: Server started
[2025-03-01T21:26:13.745Z] INFO: Initializing blockchain
[2025-03-01T21:26:13.752Z] INFO: Blockchain storage initialized
[2025-03-01T21:26:13.756Z] INFO: Chain loaded
[2025-03-01T21:26:13.758Z] INFO: Wallets loaded
[2025-03-01T21:26:13.758Z] INFO: Pending transactions loaded
[2025-03-01T21:26:13.758Z] INFO: Blockchain initialized
[2025-03-01T21:26:13.760Z] INFO: Server started
[2025-03-01T21:29:01.160Z] INFO: Initializing blockchain
[2025-03-01T21:29:01.169Z] INFO: Blockchain storage initialized
[2025-03-01T21:29:01.172Z] INFO: Chain loaded
[2025-03-01T21:29:01.172Z] INFO: Wallets loaded
[2025-03-01T21:29:01.173Z] INFO: Pending transactions loaded
[2025-03-01T21:29:01.174Z] INFO: Blockchain initialized
[2025-03-01T21:29:01.175Z] INFO: Server started
[2025-03-01T21:31:36.126Z] INFO: Initializing blockchain
[2025-03-01T21:31:36.137Z] INFO: Blockchain storage initialized
[2025-03-01T21:31:36.139Z] INFO: Chain loaded
[2025-03-01T21:31:36.139Z] INFO: Wallets loaded
[2025-03-01T21:31:36.139Z] INFO: Pending transactions loaded
[2025-03-01T21:31:36.140Z] INFO: Blockchain initialized
[2025-03-01T21:31:36.141Z] INFO: Server started
[2025-03-01T21:33:59.120Z] INFO: Initializing blockchain
[2025-03-01T21:33:59.128Z] INFO: Blockchain storage initialized
[2025-03-01T21:33:59.130Z] INFO: Chain loaded
[2025-03-01T21:33:59.131Z] INFO: Wallets loaded
[2025-03-01T21:33:59.131Z] INFO: Pending transactions loaded
[2025-03-01T21:33:59.131Z] INFO: Blockchain initialized
[2025-03-01T21:33:59.133Z] INFO: Server started
[2025-03-01T21:34:13.685Z] INFO: Initializing blockchain
[2025-03-01T21:34:13.689Z] INFO: Blockchain storage initialized
[2025-03-01T21:34:13.690Z] INFO: Chain loaded
[2025-03-01T21:34:13.690Z] INFO: Wallets loaded
[2025-03-01T21:34:13.690Z] INFO: Pending transactions loaded
[2025-03-01T21:34:13.691Z] INFO: Blockchain initialized
[2025-03-01T21:34:13.692Z] INFO: Server started
[2025-03-01T21:35:12.113Z] INFO: Initializing blockchain
[2025-03-01T21:35:12.116Z] INFO: Blockchain storage initialized
[2025-03-01T21:35:12.117Z] INFO: Chain loaded
[2025-03-01T21:35:12.118Z] INFO: Wallets loaded
[2025-03-01T21:35:12.118Z] INFO: Pending transactions loaded
[2025-03-01T21:35:12.118Z] INFO: Blockchain initialized
[2025-03-01T21:35:12.119Z] INFO: Server started
[2025-03-01T21:35:13.989Z] INFO: Initializing blockchain
[2025-03-01T21:35:14.005Z] INFO: Blockchain storage initialized
[2025-03-01T21:35:14.008Z] INFO: Chain loaded
[2025-03-01T21:35:14.008Z] INFO: Wallets loaded
[2025-03-01T21:35:14.008Z] INFO: Pending transactions loaded
[2025-03-01T21:35:14.009Z] INFO: Blockchain initialized
[2025-03-01T21:35:14.010Z] INFO: Server started
[2025-03-01T21:35:54.831Z] INFO: Initializing blockchain
[2025-03-01T21:35:54.834Z] INFO: Blockchain storage initialized
[2025-03-01T21:35:54.835Z] INFO: Chain loaded
[2025-03-01T21:35:54.836Z] INFO: Wallets loaded
[2025-03-01T21:35:54.836Z] INFO: Pending transactions loaded
[2025-03-01T21:35:54.836Z] INFO: Blockchain initialized
[2025-03-01T21:35:54.837Z] INFO: Server started
[2025-03-01T22:02:59.534Z] INFO: Initializing blockchain
[2025-03-01T22:02:59.542Z] INFO: Blockchain storage initialized
[2025-03-01T22:02:59.545Z] INFO: Chain loaded
[2025-03-01T22:02:59.545Z] INFO: Wallets loaded
[2025-03-01T22:02:59.546Z] INFO: Pending transactions loaded
[2025-03-01T22:02:59.546Z] INFO: Blockchain initialized
[2025-03-01T22:02:59.549Z] INFO: Server started
